Assembler report for InterfacingADC
Wed Nov 11 22:20:31 2015
Quartus II 64-Bit Version 15.0.0 Build 145 04/22/2015 SJ Web Edition


---------------------
; Table of Contents ;
---------------------
  1. Legal Notice
  2. Assembler Summary
  3. Assembler Settings
  4. Assembler Generated Files
  5. Assembler Device Options: C:/Users/Sergey/Documents/Quartus II 15.0/My Project/output_files/InterfacingADC.sof
  6. Assembler Messages



----------------
; Legal Notice ;
----------------
Copyright (C) 1991-2015 Altera Corporation. All rights reserved.
Your use of Altera Corporation's design tools, logic functions 
and other software and tools, and its AMPP partner logic 
functions, and any output files from any of the foregoing 
(including device programming or simulation files), and any 
associated documentation or information are expressly subject 
to the terms and conditions of the Altera Program License 
Subscription Agreement, the Altera Quartus II License Agreement,
the Altera MegaCore Function License Agreement, or other 
applicable license agreement, including, without limitation, 
that your use is for the sole purpose of programming logic 
devices manufactured by Altera and sold by Altera or its 
authorized distributors.  Please refer to the applicable 
agreement for further details.



+---------------------------------------------------------------+
; Assembler Summary                                             ;
+-----------------------+---------------------------------------+
; Assembler Status      ; Successful - Wed Nov 11 22:20:31 2015 ;
; Revision Name         ; InterfacingADC                        ;
; Top-level Entity Name ; ad79x8_interface                      ;
; Family                ; Cyclone IV E                          ;
; Device                ; EP4CE22F17C6                          ;
+-----------------------+---------------------------------------+


+----------------------------------+
; Assembler Settings               ;
+--------+---------+---------------+
; Option ; Setting ; Default Value ;
+--------+---------+---------------+


+--------------------------------------------------------------------------------------+
; Assembler Generated Files                                                            ;
+--------------------------------------------------------------------------------------+
; File Name                                                                            ;
+--------------------------------------------------------------------------------------+
; C:/Users/Sergey/Documents/Quartus II 15.0/My Project/output_files/InterfacingADC.sof ;
+--------------------------------------------------------------------------------------+


+----------------------------------------------------------------------------------------------------------------+
; Assembler Device Options: C:/Users/Sergey/Documents/Quartus II 15.0/My Project/output_files/InterfacingADC.sof ;
+----------------+-----------------------------------------------------------------------------------------------+
; Option         ; Setting                                                                                       ;
+----------------+-----------------------------------------------------------------------------------------------+
; Device         ; EP4CE22F17C6                                                                                  ;
; JTAG usercode  ; 0x0013B925                                                                                    ;
; Checksum       ; 0x0013B925                                                                                    ;
+----------------+-----------------------------------------------------------------------------------------------+


+--------------------+
; Assembler Messages ;
+--------------------+
Info: *******************************************************************
Info: Running Quartus II 64-Bit Assembler
    Info: Version 15.0.0 Build 145 04/22/2015 SJ Web Edition
    Info: Processing started: Wed Nov 11 22:20:27 2015
Info: Command: quartus_asm --read_settings_files=off --write_settings_files=off InterfacingADC -c InterfacingADC
Info (115031): Writing out detailed assembly data for power analysis
Info (115030): Assembler is generating device programming files
Info: Quartus II 64-Bit Assembler was successful. 0 errors, 0 warnings
    Info: Peak virtual memory: 614 megabytes
    Info: Processing ended: Wed Nov 11 22:20:31 2015
    Info: Elapsed time: 00:00:04
    Info: Total CPU time (on all processors): 00:00:04


