Flow report for InterfacingADC
Wed Nov 11 22:20:45 2015
Quartus II 64-Bit Version 15.0.0 Build 145 04/22/2015 SJ Web Edition


---------------------
; Table of Contents ;
---------------------
  1. Legal Notice
  2. Flow Summary
  3. Flow Settings
  4. Flow Non-Default Global Settings
  5. Flow Elapsed Time
  6. Flow OS Summary
  7. Flow Log
  8. Flow Messages
  9. Flow Suppressed Messages



----------------
; Legal Notice ;
----------------
Copyright (C) 1991-2015 Altera Corporation. All rights reserved.
Your use of Altera Corporation's design tools, logic functions 
and other software and tools, and its AMPP partner logic 
functions, and any output files from any of the foregoing 
(including device programming or simulation files), and any 
associated documentation or information are expressly subject 
to the terms and conditions of the Altera Program License 
Subscription Agreement, the Altera Quartus II License Agreement,
the Altera MegaCore Function License Agreement, or other 
applicable license agreement, including, without limitation, 
that your use is for the sole purpose of programming logic 
devices manufactured by Altera and sold by Altera or its 
authorized distributors.  Please refer to the applicable 
agreement for further details.



+---------------------------------------------------------------------------------+
; Flow Summary                                                                    ;
+------------------------------------+--------------------------------------------+
; Flow Status                        ; Successful - Wed Nov 11 22:20:45 2015      ;
; Quartus II 64-Bit Version          ; 15.0.0 Build 145 04/22/2015 SJ Web Edition ;
; Revision Name                      ; InterfacingADC                             ;
; Top-level Entity Name              ; ad79x8_interface                           ;
; Family                             ; Cyclone IV E                               ;
; Device                             ; EP4CE22F17C6                               ;
; Timing Models                      ; Final                                      ;
; Total logic elements               ; 39 / 22,320 ( < 1 % )                      ;
;     Total combinational functions  ; 38 / 22,320 ( < 1 % )                      ;
;     Dedicated logic registers      ; 37 / 22,320 ( < 1 % )                      ;
; Total registers                    ; 37                                         ;
; Total pins                         ; 37 / 154 ( 24 % )                          ;
; Total virtual pins                 ; 0                                          ;
; Total memory bits                  ; 0 / 608,256 ( 0 % )                        ;
; Embedded Multiplier 9-bit elements ; 0 / 132 ( 0 % )                            ;
; Total PLLs                         ; 0 / 4 ( 0 % )                              ;
+------------------------------------+--------------------------------------------+


+-----------------------------------------+
; Flow Settings                           ;
+-------------------+---------------------+
; Option            ; Setting             ;
+-------------------+---------------------+
; Start date & time ; 11/11/2015 22:19:52 ;
; Main task         ; Compilation         ;
; Revision Name     ; InterfacingADC      ;
+-------------------+---------------------+


+------------------------------------------------------------------------------------------------------------------------------------------+
; Flow Non-Default Global Settings                                                                                                         ;
+--------------------------------------+-----------------------------------------+----------------+------------------+---------------------+
; Assignment Name                      ; Value                                   ; Default Value  ; Entity Name      ; Section Id          ;
+--------------------------------------+-----------------------------------------+----------------+------------------+---------------------+
; COMPILER_SIGNATURE_ID                ; 33880215406419.144726959206100          ; --             ; --               ; --                  ;
; EDA_DESIGN_INSTANCE_NAME             ; NA                                      ; --             ; --               ; ad79x8_interface_tb ;
; EDA_NATIVELINK_SIMULATION_TEST_BENCH ; ad79x8_interface_tb                     ; --             ; --               ; eda_simulation      ;
; EDA_OUTPUT_DATA_FORMAT               ; Verilog Hdl                             ; --             ; --               ; eda_simulation      ;
; EDA_SIMULATION_TOOL                  ; ModelSim (Verilog)                      ; <None>         ; --               ; --                  ;
; EDA_TEST_BENCH_ENABLE_STATUS         ; TEST_BENCH_MODE                         ; --             ; --               ; eda_simulation      ;
; EDA_TEST_BENCH_FILE                  ; simulation/modelsim/ad79x8_interface.vt ; --             ; --               ; ad79x8_interface_tb ;
; EDA_TEST_BENCH_MODULE_NAME           ; ad79x8_interface_vlg_tst                ; --             ; --               ; ad79x8_interface_tb ;
; EDA_TEST_BENCH_NAME                  ; ad79x8_interface_tb                     ; --             ; --               ; eda_simulation      ;
; EDA_TIME_SCALE                       ; 1 ps                                    ; --             ; --               ; eda_simulation      ;
; MAX_CORE_JUNCTION_TEMP               ; 85                                      ; --             ; --               ; --                  ;
; MIN_CORE_JUNCTION_TEMP               ; 0                                       ; --             ; --               ; --                  ;
; NOMINAL_CORE_SUPPLY_VOLTAGE          ; 1.2V                                    ; --             ; --               ; --                  ;
; PARTITION_COLOR                      ; 16764057                                ; --             ; ad79x8_interface ; Top                 ;
; PARTITION_FITTER_PRESERVATION_LEVEL  ; PLACEMENT_AND_ROUTING                   ; --             ; ad79x8_interface ; Top                 ;
; PARTITION_NETLIST_TYPE               ; SOURCE                                  ; --             ; ad79x8_interface ; Top                 ;
; POWER_BOARD_THERMAL_MODEL            ; None (CONSERVATIVE)                     ; --             ; --               ; --                  ;
; POWER_PRESET_COOLING_SOLUTION        ; 23 MM HEAT SINK WITH 200 LFPM AIRFLOW   ; --             ; --               ; --                  ;
; PROJECT_OUTPUT_DIRECTORY             ; output_files                            ; --             ; --               ; --                  ;
; TOP_LEVEL_ENTITY                     ; ad79x8_interface                        ; InterfacingADC ; --               ; --                  ;
+--------------------------------------+-----------------------------------------+----------------+------------------+---------------------+


+-------------------------------------------------------------------------------------------------------------------------------+
; Flow Elapsed Time                                                                                                             ;
+---------------------------+--------------+-------------------------+---------------------+------------------------------------+
; Module Name               ; Elapsed Time ; Average Processors Used ; Peak Virtual Memory ; Total CPU Time (on all processors) ;
+---------------------------+--------------+-------------------------+---------------------+------------------------------------+
; Analysis & Synthesis      ; 00:00:19     ; 1.0                     ; 655 MB              ; 00:00:43                           ;
; Fitter                    ; 00:00:11     ; 1.0                     ; 938 MB              ; 00:00:13                           ;
; Assembler                 ; 00:00:04     ; 1.0                     ; 614 MB              ; 00:00:04                           ;
; TimeQuest Timing Analyzer ; 00:00:05     ; 1.0                     ; 682 MB              ; 00:00:05                           ;
; EDA Netlist Writer        ; 00:00:03     ; 1.0                     ; 578 MB              ; 00:00:04                           ;
; Total                     ; 00:00:42     ; --                      ; --                  ; 00:01:09                           ;
+---------------------------+--------------+-------------------------+---------------------+------------------------------------+


+----------------------------------------------------------------------------------------+
; Flow OS Summary                                                                        ;
+---------------------------+------------------+-----------+------------+----------------+
; Module Name               ; Machine Hostname ; OS Name   ; OS Version ; Processor type ;
+---------------------------+------------------+-----------+------------+----------------+
; Analysis & Synthesis      ; Centurion        ; Windows 7 ; 6.2        ; x86_64         ;
; Fitter                    ; Centurion        ; Windows 7 ; 6.2        ; x86_64         ;
; Assembler                 ; Centurion        ; Windows 7 ; 6.2        ; x86_64         ;
; TimeQuest Timing Analyzer ; Centurion        ; Windows 7 ; 6.2        ; x86_64         ;
; EDA Netlist Writer        ; Centurion        ; Windows 7 ; 6.2        ; x86_64         ;
+---------------------------+------------------+-----------+------------+----------------+


------------
; Flow Log ;
------------
quartus_map --read_settings_files=on --write_settings_files=off InterfacingADC -c InterfacingADC
quartus_fit --read_settings_files=off --write_settings_files=off InterfacingADC -c InterfacingADC
quartus_asm --read_settings_files=off --write_settings_files=off InterfacingADC -c InterfacingADC
quartus_sta InterfacingADC -c InterfacingADC
quartus_eda --read_settings_files=off --write_settings_files=off InterfacingADC -c InterfacingADC



